[debug] [2020-03-01T06:19:47.346Z] ----------------------------------------------------------------------
[debug] [2020-03-01T06:19:47.349Z] Command:       C:\Program Files\nodejs\node.exe C:\Users\santhosh.k23\AppData\Roaming\npm\node_modules\firebase-tools\lib\bin\firebase.js init
[debug] [2020-03-01T06:19:47.350Z] CLI Version:   7.12.1
[debug] [2020-03-01T06:19:47.350Z] Platform:      win32
[debug] [2020-03-01T06:19:47.350Z] Node Version:  v10.15.0
[debug] [2020-03-01T06:19:47.352Z] Time:          Sun Mar 01 2020 11:49:47 GMT+0530 (India Standard Time)
[debug] [2020-03-01T06:19:47.352Z] ----------------------------------------------------------------------
[debug] [2020-03-01T06:19:47.352Z] 
[debug] [2020-03-01T06:19:47.366Z] > command requires scopes: ["email","openid","https://www.googleapis.com/auth/cloudplatformprojects.readonly","https://www.googleapis.com/auth/firebase","https://www.googleapis.com/auth/cloud-platform"]
[debug] [2020-03-01T06:19:47.366Z] > authorizing via signed-in user
[info] 
     ######## #### ########  ######## ########     ###     ######  ########
     ##        ##  ##     ## ##       ##     ##  ##   ##  ##       ##
     ######    ##  ########  ######   ########  #########  ######  ######
     ##        ##  ##    ##  ##       ##     ## ##     ##       ## ##
     ##       #### ##     ## ######## ########  ##     ##  ######  ########

You're about to initialize a Firebase project in this directory:

  D:\Projects\ShippingKart

Before we get started, keep in mind:

  * You are initializing in an existing Firebase project directory

[debug] [2020-03-01T06:20:24.923Z] Error: kill ENOSYS
    at process.kill (internal/process/per_thread.js:198:13)
    at process.listener (C:\Users\santhosh.k23\AppData\Roaming\npm\node_modules\firebase-tools\node_modules\signal-exit\index.js:95:15)
    at process.emit (events.js:182:13)
[error] 
[error] Error: An unexpected error has occurred.
